<!DOCTYPE html>
<html>
<head>
<meta http-equiv="Content-Type" content="text/html; charset=utf-8"/>
<meta http-equiv="x-ua-compatible" content="IE=edge"/>
<title>Test results - Class com.identity.e2e.cuke.RunCucumberTests</title>
<link href="../css/base-style.css" rel="stylesheet" type="text/css"/>
<link href="../css/style.css" rel="stylesheet" type="text/css"/>
<script src="../js/report.js" type="text/javascript"></script>
</head>
<body>
<div id="content">
<h1>Class com.identity.e2e.cuke.RunCucumberTests</h1>
<div class="breadcrumbs">
<a href="../index.html">all</a> &gt; 
<a href="../packages/com.identity.e2e.cuke.html">com.identity.e2e.cuke</a> &gt; RunCucumberTests</div>
<div id="summary">
<table>
<tr>
<td>
<div class="summaryGroup">
<table>
<tr>
<td>
<div class="infoBox" id="tests">
<div class="counter">0</div>
<p>tests</p>
</div>
</td>
<td>
<div class="infoBox" id="failures">
<div class="counter">0</div>
<p>failures</p>
</div>
</td>
<td>
<div class="infoBox" id="ignored">
<div class="counter">0</div>
<p>ignored</p>
</div>
</td>
<td>
<div class="infoBox" id="duration">
<div class="counter">-</div>
<p>duration</p>
</div>
</td>
</tr>
</table>
</div>
</td>
<td>
<div class="infoBox success" id="successRate">
<div class="percent">-</div>
<p>successful</p>
</div>
</td>
</tr>
</table>
</div>
<div id="tabs">
<ul class="tabLinks">
<li>
<a href="#tab0">Tests</a>
</li>
<li>
<a href="#tab1">Standard output</a>
</li>
</ul>
<div id="tab0" class="tab">
<h2>Tests</h2>
<table>
<thead>
<tr>
<th>Test</th>
<th>Duration</th>
<th>Result</th>
</tr>
</thead>
</table>
</div>
<div id="tab1" class="tab">
<h2>Standard output</h2>
<span class="code">
<pre>Feature: Get Vehicles
----------implement me--
----------implement me--

  Scenario: Get Vehicles should not read the txt files                                     ?[90m# com/identity/e2e/cuke/GetVehicles.feature:4?[0m
    ?[32mGiven ?[0m?[32mthere are ?[0m?[32m?[1m4?[0m?[32m xslx files and ?[0m?[32m?[1m6?[0m?[32m csv files and a txt file containing ?[0m?[32m?[1m5?[0m?[32m vehicles each?[0m ?[90m# StepDefs.there_are_xslx_files_and_csv_files_and_a_txt_file_containing_vehicles_each(int,int,int)?[0m
    ?[32mWhen ?[0m?[32mget vehicles is called?[0m                                                            ?[90m# StepDefs.get_vehicles_is_called()?[0m
    ?[32mThen ?[0m?[32monly ?[0m?[32m?[1m50?[0m?[32m vehicles are returned?[0m                                                     ?[90m# StepDefs.only_vehicles_are_returned(int)?[0m
Feature: Verify List of Vehicle Registration Details from DVLA
?[34mCurrent Page URL is https://vehicleenquiry.service.gov.uk/ConfirmVehicle?[0m

  Scenario: Succesful Vehicle Registration Details      ?[90m# com/identity/e2e/cuke/VerifyVehicleRegistrationDetails.feature:2?[0m
    ?[32mWhen ?[0m?[32mI open DVLA Vehicle View website?[0m               ?[90m# GetVehicleInformationSteps.getVehicleInformationPage()?[0m
    ?[32mAnd ?[0m?[32mI click on StartNow Link?[0m                        ?[90m# GetVehicleInformationSteps.i_click_on_StartNow_Link()?[0m
    ?[32mAnd ?[0m?[32mI Enter Vehicle Registration Number and proceed?[0m ?[90m# GetVehicleInformationSteps.i_Enter_Vehicle_Registration_Number_and_proceed()?[0m
    ?[31mThen ?[0m?[31mI verify details on Vehicle Details page?[0m       ?[90m# VerifyVehicleDetailsSteps.i_verify_details_on_Vehicle_Details_page()?[0m
      ?[31morg.openqa.selenium.NoSuchElementException: no such element: Unable to locate element: {&quot;method&quot;:&quot;xpath&quot;,&quot;selector&quot;:&quot;//form[@action='/ConfirmVehicle']//input[@id='Vrm']&quot;}
        (Session info: chrome=66.0.3359.181)
        (Driver info: chromedriver=2.38.552518 (183d19265345f54ce39cbb94cf81ba5f15905011),platform=Mac OS X 10.13.4 x86_64) (WARNING: The server did not provide any stacktrace information)
      Command duration or timeout: 0 milliseconds
      For documentation on this error, please visit: http://seleniumhq.org/exceptions/no_such_element.html
      Build info: version: '3.9.1', revision: '63f7b50', time: '2018-02-07T22:25:02.294Z'
      System info: host: '15MBP-13042', ip: 'fe80:0:0:0:14a4:1397:bfa7:1120%en0', os.name: 'Mac OS X', os.arch: 'x86_64', os.version: '10.13.4', java.version: '1.8.0_131'
      Driver info: org.openqa.selenium.remote.RemoteWebDriver
      Capabilities {acceptInsecureCerts: false, acceptSslCerts: false, applicationCacheEnabled: false, browserConnectionEnabled: false, browserName: chrome, chrome: {chromedriverVersion: 2.38.552518 (183d19265345f5..., userDataDir: /var/folders/d8/f2c5km114mz...}, cssSelectorsEnabled: true, databaseEnabled: false, handlesAlerts: true, hasTouchScreen: false, javascriptEnabled: true, locationContextEnabled: true, mobileEmulationEnabled: false, nativeEvents: true, networkConnectionEnabled: false, pageLoadStrategy: normal, platform: MAC, platformName: MAC, rotatable: false, setWindowRect: true, takesHeapSnapshot: true, takesScreenshot: true, unexpectedAlertBehaviour: , unhandledPromptBehavior: , version: 66.0.3359.181, webStorageEnabled: true}
      Session ID: 5a9e78d44b8a43fd65f0dc86511def39
      *** Element info: {Using=xpath, value=//form[@action='/ConfirmVehicle']//input[@id='Vrm']}
      	at sun.reflect.NativeConstructorAccessorImpl.newInstance0(Native Method)
      	at sun.reflect.NativeConstructorAccessorImpl.newInstance(NativeConstructorAccessorImpl.java:62)
      	at sun.reflect.DelegatingConstructorAccessorImpl.newInstance(DelegatingConstructorAccessorImpl.java:45)
      	at java.lang.reflect.Constructor.newInstance(Constructor.java:423)
      	at org.openqa.selenium.remote.ErrorHandler.createThrowable(ErrorHandler.java:214)
      	at org.openqa.selenium.remote.ErrorHandler.throwIfResponseFailed(ErrorHandler.java:166)
      	at org.openqa.selenium.remote.http.JsonHttpResponseCodec.reconstructValue(JsonHttpResponseCodec.java:40)
      	at org.openqa.selenium.remote.http.AbstractHttpResponseCodec.decode(AbstractHttpResponseCodec.java:80)
      	at org.openqa.selenium.remote.http.AbstractHttpResponseCodec.decode(AbstractHttpResponseCodec.java:44)
      	at org.openqa.selenium.remote.HttpCommandExecutor.execute(HttpCommandExecutor.java:160)
      	at org.openqa.selenium.remote.RemoteWebDriver.execute(RemoteWebDriver.java:601)
      	at org.openqa.selenium.remote.RemoteWebDriver.findElement(RemoteWebDriver.java:371)
      	at org.openqa.selenium.remote.RemoteWebDriver.findElementByXPath(RemoteWebDriver.java:473)
      	at org.openqa.selenium.By$ByXPath.findElement(By.java:361)
      	at org.openqa.selenium.remote.RemoteWebDriver.findElement(RemoteWebDriver.java:363)
      	at org.openqa.selenium.support.pagefactory.DefaultElementLocator.findElement(DefaultElementLocator.java:69)
      	at org.openqa.selenium.support.pagefactory.internal.LocatingElementHandler.invoke(LocatingElementHandler.java:38)
      	at com.sun.proxy.$Proxy88.sendKeys(Unknown Source)
      	at com.identity.e2e.cuke.VerifyVehicleDetailsSteps.i_verify_details_on_Vehicle_Details_page(VerifyVehicleDetailsSteps.java:17)
      	at ✽.Then I verify details on Vehicle Details page(com/identity/e2e/cuke/VerifyVehicleRegistrationDetails.feature:6)
      ?[0m

?[31mFailed scenarios:?[0m
?[31mcom/identity/e2e/cuke/VerifyVehicleRegistrationDetails.feature:2 ?[0m# Scenario: Succesful Vehicle Registration Details

2 Scenarios (?[31m1 failed?[0m, ?[32m1 passed?[0m)
7 Steps (?[31m1 failed?[0m, ?[32m6 passed?[0m)
0m9.808s

org.openqa.selenium.NoSuchElementException: no such element: Unable to locate element: {&quot;method&quot;:&quot;xpath&quot;,&quot;selector&quot;:&quot;//form[@action='/ConfirmVehicle']//input[@id='Vrm']&quot;}
  (Session info: chrome=66.0.3359.181)
  (Driver info: chromedriver=2.38.552518 (183d19265345f54ce39cbb94cf81ba5f15905011),platform=Mac OS X 10.13.4 x86_64) (WARNING: The server did not provide any stacktrace information)
Command duration or timeout: 0 milliseconds
For documentation on this error, please visit: http://seleniumhq.org/exceptions/no_such_element.html
Build info: version: '3.9.1', revision: '63f7b50', time: '2018-02-07T22:25:02.294Z'
System info: host: '15MBP-13042', ip: 'fe80:0:0:0:14a4:1397:bfa7:1120%en0', os.name: 'Mac OS X', os.arch: 'x86_64', os.version: '10.13.4', java.version: '1.8.0_131'
Driver info: org.openqa.selenium.remote.RemoteWebDriver
Capabilities {acceptInsecureCerts: false, acceptSslCerts: false, applicationCacheEnabled: false, browserConnectionEnabled: false, browserName: chrome, chrome: {chromedriverVersion: 2.38.552518 (183d19265345f5..., userDataDir: /var/folders/d8/f2c5km114mz...}, cssSelectorsEnabled: true, databaseEnabled: false, handlesAlerts: true, hasTouchScreen: false, javascriptEnabled: true, locationContextEnabled: true, mobileEmulationEnabled: false, nativeEvents: true, networkConnectionEnabled: false, pageLoadStrategy: normal, platform: MAC, platformName: MAC, rotatable: false, setWindowRect: true, takesHeapSnapshot: true, takesScreenshot: true, unexpectedAlertBehaviour: , unhandledPromptBehavior: , version: 66.0.3359.181, webStorageEnabled: true}
Session ID: 5a9e78d44b8a43fd65f0dc86511def39
*** Element info: {Using=xpath, value=//form[@action='/ConfirmVehicle']//input[@id='Vrm']}
	at sun.reflect.NativeConstructorAccessorImpl.newInstance0(Native Method)
	at sun.reflect.NativeConstructorAccessorImpl.newInstance(NativeConstructorAccessorImpl.java:62)
	at sun.reflect.DelegatingConstructorAccessorImpl.newInstance(DelegatingConstructorAccessorImpl.java:45)
	at java.lang.reflect.Constructor.newInstance(Constructor.java:423)
	at org.openqa.selenium.remote.ErrorHandler.createThrowable(ErrorHandler.java:214)
	at org.openqa.selenium.remote.ErrorHandler.throwIfResponseFailed(ErrorHandler.java:166)
	at org.openqa.selenium.remote.http.JsonHttpResponseCodec.reconstructValue(JsonHttpResponseCodec.java:40)
	at org.openqa.selenium.remote.http.AbstractHttpResponseCodec.decode(AbstractHttpResponseCodec.java:80)
	at org.openqa.selenium.remote.http.AbstractHttpResponseCodec.decode(AbstractHttpResponseCodec.java:44)
	at org.openqa.selenium.remote.HttpCommandExecutor.execute(HttpCommandExecutor.java:160)
	at org.openqa.selenium.remote.RemoteWebDriver.execute(RemoteWebDriver.java:601)
	at org.openqa.selenium.remote.RemoteWebDriver.findElement(RemoteWebDriver.java:371)
	at org.openqa.selenium.remote.RemoteWebDriver.findElementByXPath(RemoteWebDriver.java:473)
	at org.openqa.selenium.By$ByXPath.findElement(By.java:361)
	at org.openqa.selenium.remote.RemoteWebDriver.findElement(RemoteWebDriver.java:363)
	at org.openqa.selenium.support.pagefactory.DefaultElementLocator.findElement(DefaultElementLocator.java:69)
	at org.openqa.selenium.support.pagefactory.internal.LocatingElementHandler.invoke(LocatingElementHandler.java:38)
	at com.sun.proxy.$Proxy88.sendKeys(Unknown Source)
	at com.identity.e2e.cuke.VerifyVehicleDetailsSteps.i_verify_details_on_Vehicle_Details_page(VerifyVehicleDetailsSteps.java:17)
	at ✽.Then I verify details on Vehicle Details page(com/identity/e2e/cuke/VerifyVehicleRegistrationDetails.feature:6)

</pre>
</span>
</div>
</div>
<div id="footer">
<p>
<div>
<label class="hidden" id="label-for-line-wrapping-toggle" for="line-wrapping-toggle">Wrap lines
<input id="line-wrapping-toggle" type="checkbox" autocomplete="off"/>
</label>
</div>Generated by 
<a href="http://www.gradle.org">Gradle 4.5.1</a> at 19-May-2018 16:35:47</p>
</div>
</div>
</body>
</html>
